c:\users\user\documents\tengine\tengine\vendor\glfw\bin-int\debug-windows-x86_64glfw\glfw.pdb
c:\users\user\documents\tengine\tengine\vendor\glfw\bin-int\debug-windows-x86_64glfw\window.obj
c:\users\user\documents\tengine\tengine\vendor\glfw\bin-int\debug-windows-x86_64glfw\win32_window.obj
c:\users\user\documents\tengine\tengine\vendor\glfw\bin-int\debug-windows-x86_64glfw\win32_time.obj
c:\users\user\documents\tengine\tengine\vendor\glfw\bin-int\debug-windows-x86_64glfw\win32_thread.obj
c:\users\user\documents\tengine\tengine\vendor\glfw\bin-int\debug-windows-x86_64glfw\win32_monitor.obj
c:\users\user\documents\tengine\tengine\vendor\glfw\bin-int\debug-windows-x86_64glfw\win32_joystick.obj
c:\users\user\documents\tengine\tengine\vendor\glfw\bin-int\debug-windows-x86_64glfw\win32_init.obj
c:\users\user\documents\tengine\tengine\vendor\glfw\bin-int\debug-windows-x86_64glfw\wgl_context.obj
c:\users\user\documents\tengine\tengine\vendor\glfw\bin-int\debug-windows-x86_64glfw\vulkan.obj
c:\users\user\documents\tengine\tengine\vendor\glfw\bin-int\debug-windows-x86_64glfw\osmesa_context.obj
c:\users\user\documents\tengine\tengine\vendor\glfw\bin-int\debug-windows-x86_64glfw\monitor.obj
c:\users\user\documents\tengine\tengine\vendor\glfw\bin-int\debug-windows-x86_64glfw\input.obj
c:\users\user\documents\tengine\tengine\vendor\glfw\bin-int\debug-windows-x86_64glfw\init.obj
c:\users\user\documents\tengine\tengine\vendor\glfw\bin-int\debug-windows-x86_64glfw\egl_context.obj
c:\users\user\documents\tengine\tengine\vendor\glfw\bin-int\debug-windows-x86_64glfw\context.obj
c:\users\user\documents\tengine\tengine\vendor\glfw\bin\debug-windows-x86_64\glfw\glfw.lib
c:\users\user\documents\tengine\tengine\vendor\glfw\bin-int\debug-windows-x86_64glfw\glfw.tlog\cl.command.1.tlog
c:\users\user\documents\tengine\tengine\vendor\glfw\bin-int\debug-windows-x86_64glfw\glfw.tlog\cl.read.1.tlog
c:\users\user\documents\tengine\tengine\vendor\glfw\bin-int\debug-windows-x86_64glfw\glfw.tlog\cl.write.1.tlog
c:\users\user\documents\tengine\tengine\vendor\glfw\bin-int\debug-windows-x86_64glfw\glfw.tlog\lib-link.read.1.tlog
c:\users\user\documents\tengine\tengine\vendor\glfw\bin-int\debug-windows-x86_64glfw\glfw.tlog\lib-link.write.1.tlog
c:\users\user\documents\tengine\tengine\vendor\glfw\bin-int\debug-windows-x86_64glfw\glfw.tlog\lib.command.1.tlog
